<?xml version="1.0" encoding="UTF-8"?>
<testng-results skipped="0" failed="1" total="1" passed="0">
  <reporter-output>
  </reporter-output>
  <suite name="Default suite" duration-ms="48299" started-at="2020-04-22T10:21:28Z" finished-at="2020-04-22T10:22:16Z">
    <groups>
    </groups>
    <test name="Default test" duration-ms="48299" started-at="2020-04-22T10:21:28Z" finished-at="2020-04-22T10:22:16Z">
      <class name="TestScripts.Amtest">
        <test-method status="PASS" signature="startReport()[pri:0, instance:TestScripts.Amtest@59494225]" name="startReport" is-config="true" duration-ms="308" started-at="2020-04-22T15:51:28Z" finished-at="2020-04-22T15:51:28Z">
          <reporter-output>
          </reporter-output>
        </test-method> <!-- startReport -->
        <test-method status="PASS" signature="Launch()[pri:0, instance:TestScripts.Amtest@59494225]" name="Launch" is-config="true" duration-ms="45390" started-at="2020-04-22T15:51:29Z" finished-at="2020-04-22T15:52:14Z">
          <reporter-output>
          </reporter-output>
        </test-method> <!-- Launch -->
        <test-method status="FAIL" signature="m1()[pri:0, instance:TestScripts.Amtest@59494225]" name="m1" duration-ms="157" started-at="2020-04-22T15:52:14Z" finished-at="2020-04-22T15:52:14Z">
          <exception class="java.lang.AssertionError">
            <message>
              <![CDATA[title not same as expected [Your Account] but found [Authentication required]]]>
            </message>
            <full-stacktrace>
              <![CDATA[java.lang.AssertionError: title not same as expected [Your Account] but found [Authentication required]
	at org.testng.Assert.fail(Assert.java:94)
	at org.testng.Assert.failNotEquals(Assert.java:513)
	at org.testng.Assert.assertEqualsImpl(Assert.java:135)
	at org.testng.Assert.assertEquals(Assert.java:116)
	at org.testng.Assert.assertEquals(Assert.java:190)
	at TestScripts.Amtest.m1(Amtest.java:29)
	at sun.reflect.NativeMethodAccessorImpl.invoke0(Native Method)
	at sun.reflect.NativeMethodAccessorImpl.invoke(NativeMethodAccessorImpl.java:62)
	at sun.reflect.DelegatingMethodAccessorImpl.invoke(DelegatingMethodAccessorImpl.java:43)
	at java.lang.reflect.Method.invoke(Method.java:483)
	at org.testng.internal.MethodInvocationHelper.invokeMethod(MethodInvocationHelper.java:100)
	at org.testng.internal.Invoker.invokeMethod(Invoker.java:646)
	at org.testng.internal.Invoker.invokeTestMethod(Invoker.java:811)
	at org.testng.internal.Invoker.invokeTestMethods(Invoker.java:1129)
	at org.testng.internal.TestMethodWorker.invokeTestMethods(TestMethodWorker.java:129)
	at org.testng.internal.TestMethodWorker.run(TestMethodWorker.java:112)
	at org.testng.TestRunner.privateRun(TestRunner.java:746)
	at org.testng.TestRunner.run(TestRunner.java:600)
	at org.testng.SuiteRunner.runTest(SuiteRunner.java:366)
	at org.testng.SuiteRunner.runSequentially(SuiteRunner.java:361)
	at org.testng.SuiteRunner.privateRun(SuiteRunner.java:319)
	at org.testng.SuiteRunner.run(SuiteRunner.java:268)
	at org.testng.SuiteRunnerWorker.runSuite(SuiteRunnerWorker.java:52)
	at org.testng.SuiteRunnerWorker.run(SuiteRunnerWorker.java:86)
	at org.testng.TestNG.runSuitesSequentially(TestNG.java:1264)
	at org.testng.TestNG.runSuitesLocally(TestNG.java:1189)
	at org.testng.TestNG.runSuites(TestNG.java:1104)
	at org.testng.TestNG.run(TestNG.java:1076)
	at org.testng.remote.AbstractRemoteTestNG.run(AbstractRemoteTestNG.java:126)
	at org.testng.remote.RemoteTestNG.initAndRun(RemoteTestNG.java:152)
	at org.testng.remote.RemoteTestNG.main(RemoteTestNG.java:57)
]]>
            </full-stacktrace>
          </exception> <!-- java.lang.AssertionError -->
          <reporter-output>
          </reporter-output>
        </test-method> <!-- m1 -->
        <test-method status="PASS" signature="close()[pri:0, instance:TestScripts.Amtest@59494225]" name="close" is-config="true" duration-ms="450" started-at="2020-04-22T15:52:14Z" finished-at="2020-04-22T15:52:15Z">
          <reporter-output>
          </reporter-output>
        </test-method> <!-- close -->
        <test-method status="PASS" signature="endreport()[pri:0, instance:TestScripts.Amtest@59494225]" name="endreport" is-config="true" duration-ms="1862" started-at="2020-04-22T15:52:15Z" finished-at="2020-04-22T15:52:16Z">
          <reporter-output>
          </reporter-output>
        </test-method> <!-- endreport -->
      </class> <!-- TestScripts.Amtest -->
    </test> <!-- Default test -->
  </suite> <!-- Default suite -->
</testng-results>
