<?xml version="1.0" encoding="UTF-8"?>
<!-- Generated by org.testng.reporters.JUnitReportReporter -->
<testsuite hostname="KARTHIK" name="TestScripts.Createcustomer_test" tests="9" failures="0" timestamp="31 Mar 2020 09:12:56 GMT" time="0.030" errors="9">
  <testcase name="createcust" time="0.000" classname="TestScripts.Createcustomer_test">
    <error type="org.openqa.selenium.SessionNotCreatedException" message="session not created: This version of ChromeDriver only supports Chrome version 77
Build info: version: &#039;3.141.59&#039;, revision: &#039;e82be7d358&#039;, time: &#039;2018-11-14T08:25:53&#039;
System info: host: &#039;KARTHIK&#039;, ip: &#039;192.168.64.1&#039;, os.name: &#039;Windows 8.1&#039;, os.arch: &#039;amd64&#039;, os.version: &#039;6.3&#039;, java.version: &#039;1.8.0_25&#039;
Driver info: driver.version: ChromeDriver
remote stacktrace: Backtrace:
	Ordinal0 [0x00ABEB13+1501971]
	Ordinal0 [0x00A3F6D1+980689]
	Ordinal0 [0x009C765F+489055]
	Ordinal0 [0x0095F2F4+62196]
	Ordinal0 [0x0095BCDA+48346]
	Ordinal0 [0x00979800+169984]
	Ordinal0 [0x0097942D+169005]
	Ordinal0 [0x009778EB+162027]
	Ordinal0 [0x00960AC7+68295]
	Ordinal0 [0x00961B40+72512]
	Ordinal0 [0x00961AD9+72409]
	Ordinal0 [0x00A58F37+1085239]
	GetHandleVerifier [0x00B5D7ED+503293]
	GetHandleVerifier [0x00B5D580+502672]
	GetHandleVerifier [0x00B646AC+531644]
	GetHandleVerifier [0x00B5DFFA+505354]
	Ordinal0 [0x00A50606+1050118]
	Ordinal0 [0x00A5047F+1049727]
	Ordinal0 [0x00A5AF9B+1093531]
	Ordinal0 [0x00A5B103+1093891]
	Ordinal0 [0x00A5A095+1089685]
	BaseThreadInitThunk [0x751C6359+25]
	RtlGetAppContainerNamedObjectPath [0x774C7B74+228]
	RtlGetAppContainerNamedObjectPath [0x774C7B44+180]
">
      <![CDATA[org.openqa.selenium.SessionNotCreatedException: session not created: This version of ChromeDriver only supports Chrome version 77
Build info: version: '3.141.59', revision: 'e82be7d358', time: '2018-11-14T08:25:53'
System info: host: 'KARTHIK', ip: '192.168.64.1', os.name: 'Windows 8.1', os.arch: 'amd64', os.version: '6.3', java.version: '1.8.0_25'
Driver info: driver.version: ChromeDriver
remote stacktrace: Backtrace:
	Ordinal0 [0x00ABEB13+1501971]
	Ordinal0 [0x00A3F6D1+980689]
	Ordinal0 [0x009C765F+489055]
	Ordinal0 [0x0095F2F4+62196]
	Ordinal0 [0x0095BCDA+48346]
	Ordinal0 [0x00979800+169984]
	Ordinal0 [0x0097942D+169005]
	Ordinal0 [0x009778EB+162027]
	Ordinal0 [0x00960AC7+68295]
	Ordinal0 [0x00961B40+72512]
	Ordinal0 [0x00961AD9+72409]
	Ordinal0 [0x00A58F37+1085239]
	GetHandleVerifier [0x00B5D7ED+503293]
	GetHandleVerifier [0x00B5D580+502672]
	GetHandleVerifier [0x00B646AC+531644]
	GetHandleVerifier [0x00B5DFFA+505354]
	Ordinal0 [0x00A50606+1050118]
	Ordinal0 [0x00A5047F+1049727]
	Ordinal0 [0x00A5AF9B+1093531]
	Ordinal0 [0x00A5B103+1093891]
	Ordinal0 [0x00A5A095+1089685]
	BaseThreadInitThunk [0x751C6359+25]
	RtlGetAppContainerNamedObjectPath [0x774C7B74+228]
	RtlGetAppContainerNamedObjectPath [0x774C7B44+180]

	at sun.reflect.NativeConstructorAccessorImpl.newInstance0(Native Method)
	at sun.reflect.NativeConstructorAccessorImpl.newInstance(NativeConstructorAccessorImpl.java:62)
	at sun.reflect.DelegatingConstructorAccessorImpl.newInstance(DelegatingConstructorAccessorImpl.java:45)
	at java.lang.reflect.Constructor.newInstance(Constructor.java:408)
	at org.openqa.selenium.remote.W3CHandshakeResponse.lambda$errorHandler$0(W3CHandshakeResponse.java:62)
	at org.openqa.selenium.remote.W3CHandshakeResponse$$Lambda$204/189207010.apply(Unknown Source)
	at org.openqa.selenium.remote.HandshakeResponse.lambda$getResponseFunction$0(HandshakeResponse.java:30)
	at org.openqa.selenium.remote.HandshakeResponse$$Lambda$199/2049051802.apply(Unknown Source)
	at org.openqa.selenium.remote.ProtocolHandshake.lambda$createSession$0(ProtocolHandshake.java:126)
	at org.openqa.selenium.remote.ProtocolHandshake$$Lambda$200/864852424.apply(Unknown Source)
	at java.util.stream.ReferencePipeline$3$1.accept(ReferencePipeline.java:193)
	at java.util.Spliterators$ArraySpliterator.tryAdvance(Spliterators.java:958)
	at java.util.stream.ReferencePipeline.forEachWithCancel(ReferencePipeline.java:126)
	at java.util.stream.AbstractPipeline.copyIntoWithCancel(AbstractPipeline.java:529)
	at java.util.stream.AbstractPipeline.copyInto(AbstractPipeline.java:516)
	at java.util.stream.AbstractPipeline.wrapAndCopyInto(AbstractPipeline.java:502)
	at java.util.stream.FindOps$FindOp.evaluateSequential(FindOps.java:152)
	at java.util.stream.AbstractPipeline.evaluate(AbstractPipeline.java:234)
	at java.util.stream.ReferencePipeline.findFirst(ReferencePipeline.java:464)
	at org.openqa.selenium.remote.ProtocolHandshake.createSession(ProtocolHandshake.java:128)
	at org.openqa.selenium.remote.ProtocolHandshake.createSession(ProtocolHandshake.java:74)
	at org.openqa.selenium.remote.HttpCommandExecutor.execute(HttpCommandExecutor.java:136)
	at org.openqa.selenium.remote.service.DriverCommandExecutor.execute(DriverCommandExecutor.java:83)
	at org.openqa.selenium.remote.RemoteWebDriver.execute(RemoteWebDriver.java:552)
	at org.openqa.selenium.remote.RemoteWebDriver.startSession(RemoteWebDriver.java:213)
	at org.openqa.selenium.remote.RemoteWebDriver.<init>(RemoteWebDriver.java:131)
	at org.openqa.selenium.chrome.ChromeDriver.<init>(ChromeDriver.java:181)
	at org.openqa.selenium.chrome.ChromeDriver.<init>(ChromeDriver.java:168)
	at org.openqa.selenium.chrome.ChromeDriver.<init>(ChromeDriver.java:157)
	at Base.BaseTest.Acti_Setup(BaseTest.java:58)
	at sun.reflect.NativeMethodAccessorImpl.invoke0(Native Method)
	at sun.reflect.NativeMethodAccessorImpl.invoke(NativeMethodAccessorImpl.java:62)
	at sun.reflect.DelegatingMethodAccessorImpl.invoke(DelegatingMethodAccessorImpl.java:43)
	at java.lang.reflect.Method.invoke(Method.java:483)
	at org.testng.internal.MethodInvocationHelper.invokeMethod(MethodInvocationHelper.java:86)
	at org.testng.internal.Invoker.invokeConfigurationMethod(Invoker.java:514)
	at org.testng.internal.Invoker.invokeConfigurations(Invoker.java:215)
	at org.testng.internal.Invoker.invokeMethod(Invoker.java:589)
	at org.testng.internal.Invoker.invokeTestMethod(Invoker.java:822)
	at org.testng.internal.Invoker.invokeTestMethods(Invoker.java:1130)
	at org.testng.internal.TestMethodWorker.invokeTestMethods(TestMethodWorker.java:129)
	at org.testng.internal.TestMethodWorker.run(TestMethodWorker.java:112)
	at org.testng.TestRunner.privateRun(TestRunner.java:782)
	at org.testng.TestRunner.run(TestRunner.java:632)
	at org.testng.SuiteRunner.runTest(SuiteRunner.java:366)
	at org.testng.SuiteRunner.runSequentially(SuiteRunner.java:361)
	at org.testng.SuiteRunner.privateRun(SuiteRunner.java:319)
	at org.testng.SuiteRunner.run(SuiteRunner.java:268)
	at org.testng.SuiteRunnerWorker.runSuite(SuiteRunnerWorker.java:52)
	at org.testng.SuiteRunnerWorker.run(SuiteRunnerWorker.java:86)
	at org.testng.TestNG.runSuitesSequentially(TestNG.java:1244)
	at org.testng.TestNG.runSuitesLocally(TestNG.java:1169)
	at org.testng.TestNG.run(TestNG.java:1064)
	at org.testng.remote.RemoteTestNG.run(RemoteTestNG.java:113)
	at org.testng.remote.RemoteTestNG.initAndRun(RemoteTestNG.java:206)
	at org.testng.remote.RemoteTestNG.main(RemoteTestNG.java:177)
]]>
    </error>
  </testcase> <!-- createcust -->
  <testcase name="createcust" time="0.000" classname="TestScripts.Createcustomer_test">
    <error type="org.openqa.selenium.SessionNotCreatedException" message="session not created: This version of ChromeDriver only supports Chrome version 77
Build info: version: &#039;3.141.59&#039;, revision: &#039;e82be7d358&#039;, time: &#039;2018-11-14T08:25:53&#039;
System info: host: &#039;KARTHIK&#039;, ip: &#039;192.168.64.1&#039;, os.name: &#039;Windows 8.1&#039;, os.arch: &#039;amd64&#039;, os.version: &#039;6.3&#039;, java.version: &#039;1.8.0_25&#039;
Driver info: driver.version: ChromeDriver
remote stacktrace: Backtrace:
	Ordinal0 [0x00ABEB13+1501971]
	Ordinal0 [0x00A3F6D1+980689]
	Ordinal0 [0x009C765F+489055]
	Ordinal0 [0x0095F2F4+62196]
	Ordinal0 [0x0095BCDA+48346]
	Ordinal0 [0x00979800+169984]
	Ordinal0 [0x0097942D+169005]
	Ordinal0 [0x009778EB+162027]
	Ordinal0 [0x00960AC7+68295]
	Ordinal0 [0x00961B40+72512]
	Ordinal0 [0x00961AD9+72409]
	Ordinal0 [0x00A58F37+1085239]
	GetHandleVerifier [0x00B5D7ED+503293]
	GetHandleVerifier [0x00B5D580+502672]
	GetHandleVerifier [0x00B646AC+531644]
	GetHandleVerifier [0x00B5DFFA+505354]
	Ordinal0 [0x00A50606+1050118]
	Ordinal0 [0x00A5047F+1049727]
	Ordinal0 [0x00A5AF9B+1093531]
	Ordinal0 [0x00A5B103+1093891]
	Ordinal0 [0x00A5A095+1089685]
	BaseThreadInitThunk [0x751C6359+25]
	RtlGetAppContainerNamedObjectPath [0x774C7B74+228]
	RtlGetAppContainerNamedObjectPath [0x774C7B44+180]
">
      <![CDATA[org.openqa.selenium.SessionNotCreatedException: session not created: This version of ChromeDriver only supports Chrome version 77
Build info: version: '3.141.59', revision: 'e82be7d358', time: '2018-11-14T08:25:53'
System info: host: 'KARTHIK', ip: '192.168.64.1', os.name: 'Windows 8.1', os.arch: 'amd64', os.version: '6.3', java.version: '1.8.0_25'
Driver info: driver.version: ChromeDriver
remote stacktrace: Backtrace:
	Ordinal0 [0x00ABEB13+1501971]
	Ordinal0 [0x00A3F6D1+980689]
	Ordinal0 [0x009C765F+489055]
	Ordinal0 [0x0095F2F4+62196]
	Ordinal0 [0x0095BCDA+48346]
	Ordinal0 [0x00979800+169984]
	Ordinal0 [0x0097942D+169005]
	Ordinal0 [0x009778EB+162027]
	Ordinal0 [0x00960AC7+68295]
	Ordinal0 [0x00961B40+72512]
	Ordinal0 [0x00961AD9+72409]
	Ordinal0 [0x00A58F37+1085239]
	GetHandleVerifier [0x00B5D7ED+503293]
	GetHandleVerifier [0x00B5D580+502672]
	GetHandleVerifier [0x00B646AC+531644]
	GetHandleVerifier [0x00B5DFFA+505354]
	Ordinal0 [0x00A50606+1050118]
	Ordinal0 [0x00A5047F+1049727]
	Ordinal0 [0x00A5AF9B+1093531]
	Ordinal0 [0x00A5B103+1093891]
	Ordinal0 [0x00A5A095+1089685]
	BaseThreadInitThunk [0x751C6359+25]
	RtlGetAppContainerNamedObjectPath [0x774C7B74+228]
	RtlGetAppContainerNamedObjectPath [0x774C7B44+180]

	at sun.reflect.NativeConstructorAccessorImpl.newInstance0(Native Method)
	at sun.reflect.NativeConstructorAccessorImpl.newInstance(NativeConstructorAccessorImpl.java:62)
	at sun.reflect.DelegatingConstructorAccessorImpl.newInstance(DelegatingConstructorAccessorImpl.java:45)
	at java.lang.reflect.Constructor.newInstance(Constructor.java:408)
	at org.openqa.selenium.remote.W3CHandshakeResponse.lambda$errorHandler$0(W3CHandshakeResponse.java:62)
	at org.openqa.selenium.remote.W3CHandshakeResponse$$Lambda$204/189207010.apply(Unknown Source)
	at org.openqa.selenium.remote.HandshakeResponse.lambda$getResponseFunction$0(HandshakeResponse.java:30)
	at org.openqa.selenium.remote.HandshakeResponse$$Lambda$199/2049051802.apply(Unknown Source)
	at org.openqa.selenium.remote.ProtocolHandshake.lambda$createSession$0(ProtocolHandshake.java:126)
	at org.openqa.selenium.remote.ProtocolHandshake$$Lambda$200/864852424.apply(Unknown Source)
	at java.util.stream.ReferencePipeline$3$1.accept(ReferencePipeline.java:193)
	at java.util.Spliterators$ArraySpliterator.tryAdvance(Spliterators.java:958)
	at java.util.stream.ReferencePipeline.forEachWithCancel(ReferencePipeline.java:126)
	at java.util.stream.AbstractPipeline.copyIntoWithCancel(AbstractPipeline.java:529)
	at java.util.stream.AbstractPipeline.copyInto(AbstractPipeline.java:516)
	at java.util.stream.AbstractPipeline.wrapAndCopyInto(AbstractPipeline.java:502)
	at java.util.stream.FindOps$FindOp.evaluateSequential(FindOps.java:152)
	at java.util.stream.AbstractPipeline.evaluate(AbstractPipeline.java:234)
	at java.util.stream.ReferencePipeline.findFirst(ReferencePipeline.java:464)
	at org.openqa.selenium.remote.ProtocolHandshake.createSession(ProtocolHandshake.java:128)
	at org.openqa.selenium.remote.ProtocolHandshake.createSession(ProtocolHandshake.java:74)
	at org.openqa.selenium.remote.HttpCommandExecutor.execute(HttpCommandExecutor.java:136)
	at org.openqa.selenium.remote.service.DriverCommandExecutor.execute(DriverCommandExecutor.java:83)
	at org.openqa.selenium.remote.RemoteWebDriver.execute(RemoteWebDriver.java:552)
	at org.openqa.selenium.remote.RemoteWebDriver.startSession(RemoteWebDriver.java:213)
	at org.openqa.selenium.remote.RemoteWebDriver.<init>(RemoteWebDriver.java:131)
	at org.openqa.selenium.chrome.ChromeDriver.<init>(ChromeDriver.java:181)
	at org.openqa.selenium.chrome.ChromeDriver.<init>(ChromeDriver.java:168)
	at org.openqa.selenium.chrome.ChromeDriver.<init>(ChromeDriver.java:157)
	at Base.BaseTest.Acti_Setup(BaseTest.java:58)
	at sun.reflect.NativeMethodAccessorImpl.invoke0(Native Method)
	at sun.reflect.NativeMethodAccessorImpl.invoke(NativeMethodAccessorImpl.java:62)
	at sun.reflect.DelegatingMethodAccessorImpl.invoke(DelegatingMethodAccessorImpl.java:43)
	at java.lang.reflect.Method.invoke(Method.java:483)
	at org.testng.internal.MethodInvocationHelper.invokeMethod(MethodInvocationHelper.java:86)
	at org.testng.internal.Invoker.invokeConfigurationMethod(Invoker.java:514)
	at org.testng.internal.Invoker.invokeConfigurations(Invoker.java:215)
	at org.testng.internal.Invoker.invokeMethod(Invoker.java:589)
	at org.testng.internal.Invoker.invokeTestMethod(Invoker.java:822)
	at org.testng.internal.Invoker.invokeTestMethods(Invoker.java:1130)
	at org.testng.internal.TestMethodWorker.invokeTestMethods(TestMethodWorker.java:129)
	at org.testng.internal.TestMethodWorker.run(TestMethodWorker.java:112)
	at org.testng.TestRunner.privateRun(TestRunner.java:782)
	at org.testng.TestRunner.run(TestRunner.java:632)
	at org.testng.SuiteRunner.runTest(SuiteRunner.java:366)
	at org.testng.SuiteRunner.runSequentially(SuiteRunner.java:361)
	at org.testng.SuiteRunner.privateRun(SuiteRunner.java:319)
	at org.testng.SuiteRunner.run(SuiteRunner.java:268)
	at org.testng.SuiteRunnerWorker.runSuite(SuiteRunnerWorker.java:52)
	at org.testng.SuiteRunnerWorker.run(SuiteRunnerWorker.java:86)
	at org.testng.TestNG.runSuitesSequentially(TestNG.java:1244)
	at org.testng.TestNG.runSuitesLocally(TestNG.java:1169)
	at org.testng.TestNG.run(TestNG.java:1064)
	at org.testng.remote.RemoteTestNG.run(RemoteTestNG.java:113)
	at org.testng.remote.RemoteTestNG.initAndRun(RemoteTestNG.java:206)
	at org.testng.remote.RemoteTestNG.main(RemoteTestNG.java:177)
]]>
    </error>
  </testcase> <!-- createcust -->
  <testcase name="createcust" time="0.000" classname="TestScripts.Createcustomer_test">
    <error type="org.openqa.selenium.SessionNotCreatedException" message="session not created: This version of ChromeDriver only supports Chrome version 77
Build info: version: &#039;3.141.59&#039;, revision: &#039;e82be7d358&#039;, time: &#039;2018-11-14T08:25:53&#039;
System info: host: &#039;KARTHIK&#039;, ip: &#039;192.168.64.1&#039;, os.name: &#039;Windows 8.1&#039;, os.arch: &#039;amd64&#039;, os.version: &#039;6.3&#039;, java.version: &#039;1.8.0_25&#039;
Driver info: driver.version: ChromeDriver
remote stacktrace: Backtrace:
	Ordinal0 [0x00ABEB13+1501971]
	Ordinal0 [0x00A3F6D1+980689]
	Ordinal0 [0x009C765F+489055]
	Ordinal0 [0x0095F2F4+62196]
	Ordinal0 [0x0095BCDA+48346]
	Ordinal0 [0x00979800+169984]
	Ordinal0 [0x0097942D+169005]
	Ordinal0 [0x009778EB+162027]
	Ordinal0 [0x00960AC7+68295]
	Ordinal0 [0x00961B40+72512]
	Ordinal0 [0x00961AD9+72409]
	Ordinal0 [0x00A58F37+1085239]
	GetHandleVerifier [0x00B5D7ED+503293]
	GetHandleVerifier [0x00B5D580+502672]
	GetHandleVerifier [0x00B646AC+531644]
	GetHandleVerifier [0x00B5DFFA+505354]
	Ordinal0 [0x00A50606+1050118]
	Ordinal0 [0x00A5047F+1049727]
	Ordinal0 [0x00A5AF9B+1093531]
	Ordinal0 [0x00A5B103+1093891]
	Ordinal0 [0x00A5A095+1089685]
	BaseThreadInitThunk [0x751C6359+25]
	RtlGetAppContainerNamedObjectPath [0x774C7B74+228]
	RtlGetAppContainerNamedObjectPath [0x774C7B44+180]
">
      <![CDATA[org.openqa.selenium.SessionNotCreatedException: session not created: This version of ChromeDriver only supports Chrome version 77
Build info: version: '3.141.59', revision: 'e82be7d358', time: '2018-11-14T08:25:53'
System info: host: 'KARTHIK', ip: '192.168.64.1', os.name: 'Windows 8.1', os.arch: 'amd64', os.version: '6.3', java.version: '1.8.0_25'
Driver info: driver.version: ChromeDriver
remote stacktrace: Backtrace:
	Ordinal0 [0x00ABEB13+1501971]
	Ordinal0 [0x00A3F6D1+980689]
	Ordinal0 [0x009C765F+489055]
	Ordinal0 [0x0095F2F4+62196]
	Ordinal0 [0x0095BCDA+48346]
	Ordinal0 [0x00979800+169984]
	Ordinal0 [0x0097942D+169005]
	Ordinal0 [0x009778EB+162027]
	Ordinal0 [0x00960AC7+68295]
	Ordinal0 [0x00961B40+72512]
	Ordinal0 [0x00961AD9+72409]
	Ordinal0 [0x00A58F37+1085239]
	GetHandleVerifier [0x00B5D7ED+503293]
	GetHandleVerifier [0x00B5D580+502672]
	GetHandleVerifier [0x00B646AC+531644]
	GetHandleVerifier [0x00B5DFFA+505354]
	Ordinal0 [0x00A50606+1050118]
	Ordinal0 [0x00A5047F+1049727]
	Ordinal0 [0x00A5AF9B+1093531]
	Ordinal0 [0x00A5B103+1093891]
	Ordinal0 [0x00A5A095+1089685]
	BaseThreadInitThunk [0x751C6359+25]
	RtlGetAppContainerNamedObjectPath [0x774C7B74+228]
	RtlGetAppContainerNamedObjectPath [0x774C7B44+180]

	at sun.reflect.NativeConstructorAccessorImpl.newInstance0(Native Method)
	at sun.reflect.NativeConstructorAccessorImpl.newInstance(NativeConstructorAccessorImpl.java:62)
	at sun.reflect.DelegatingConstructorAccessorImpl.newInstance(DelegatingConstructorAccessorImpl.java:45)
	at java.lang.reflect.Constructor.newInstance(Constructor.java:408)
	at org.openqa.selenium.remote.W3CHandshakeResponse.lambda$errorHandler$0(W3CHandshakeResponse.java:62)
	at org.openqa.selenium.remote.W3CHandshakeResponse$$Lambda$204/189207010.apply(Unknown Source)
	at org.openqa.selenium.remote.HandshakeResponse.lambda$getResponseFunction$0(HandshakeResponse.java:30)
	at org.openqa.selenium.remote.HandshakeResponse$$Lambda$199/2049051802.apply(Unknown Source)
	at org.openqa.selenium.remote.ProtocolHandshake.lambda$createSession$0(ProtocolHandshake.java:126)
	at org.openqa.selenium.remote.ProtocolHandshake$$Lambda$200/864852424.apply(Unknown Source)
	at java.util.stream.ReferencePipeline$3$1.accept(ReferencePipeline.java:193)
	at java.util.Spliterators$ArraySpliterator.tryAdvance(Spliterators.java:958)
	at java.util.stream.ReferencePipeline.forEachWithCancel(ReferencePipeline.java:126)
	at java.util.stream.AbstractPipeline.copyIntoWithCancel(AbstractPipeline.java:529)
	at java.util.stream.AbstractPipeline.copyInto(AbstractPipeline.java:516)
	at java.util.stream.AbstractPipeline.wrapAndCopyInto(AbstractPipeline.java:502)
	at java.util.stream.FindOps$FindOp.evaluateSequential(FindOps.java:152)
	at java.util.stream.AbstractPipeline.evaluate(AbstractPipeline.java:234)
	at java.util.stream.ReferencePipeline.findFirst(ReferencePipeline.java:464)
	at org.openqa.selenium.remote.ProtocolHandshake.createSession(ProtocolHandshake.java:128)
	at org.openqa.selenium.remote.ProtocolHandshake.createSession(ProtocolHandshake.java:74)
	at org.openqa.selenium.remote.HttpCommandExecutor.execute(HttpCommandExecutor.java:136)
	at org.openqa.selenium.remote.service.DriverCommandExecutor.execute(DriverCommandExecutor.java:83)
	at org.openqa.selenium.remote.RemoteWebDriver.execute(RemoteWebDriver.java:552)
	at org.openqa.selenium.remote.RemoteWebDriver.startSession(RemoteWebDriver.java:213)
	at org.openqa.selenium.remote.RemoteWebDriver.<init>(RemoteWebDriver.java:131)
	at org.openqa.selenium.chrome.ChromeDriver.<init>(ChromeDriver.java:181)
	at org.openqa.selenium.chrome.ChromeDriver.<init>(ChromeDriver.java:168)
	at org.openqa.selenium.chrome.ChromeDriver.<init>(ChromeDriver.java:157)
	at Base.BaseTest.Acti_Setup(BaseTest.java:58)
	at sun.reflect.NativeMethodAccessorImpl.invoke0(Native Method)
	at sun.reflect.NativeMethodAccessorImpl.invoke(NativeMethodAccessorImpl.java:62)
	at sun.reflect.DelegatingMethodAccessorImpl.invoke(DelegatingMethodAccessorImpl.java:43)
	at java.lang.reflect.Method.invoke(Method.java:483)
	at org.testng.internal.MethodInvocationHelper.invokeMethod(MethodInvocationHelper.java:86)
	at org.testng.internal.Invoker.invokeConfigurationMethod(Invoker.java:514)
	at org.testng.internal.Invoker.invokeConfigurations(Invoker.java:215)
	at org.testng.internal.Invoker.invokeMethod(Invoker.java:589)
	at org.testng.internal.Invoker.invokeTestMethod(Invoker.java:822)
	at org.testng.internal.Invoker.invokeTestMethods(Invoker.java:1130)
	at org.testng.internal.TestMethodWorker.invokeTestMethods(TestMethodWorker.java:129)
	at org.testng.internal.TestMethodWorker.run(TestMethodWorker.java:112)
	at org.testng.TestRunner.privateRun(TestRunner.java:782)
	at org.testng.TestRunner.run(TestRunner.java:632)
	at org.testng.SuiteRunner.runTest(SuiteRunner.java:366)
	at org.testng.SuiteRunner.runSequentially(SuiteRunner.java:361)
	at org.testng.SuiteRunner.privateRun(SuiteRunner.java:319)
	at org.testng.SuiteRunner.run(SuiteRunner.java:268)
	at org.testng.SuiteRunnerWorker.runSuite(SuiteRunnerWorker.java:52)
	at org.testng.SuiteRunnerWorker.run(SuiteRunnerWorker.java:86)
	at org.testng.TestNG.runSuitesSequentially(TestNG.java:1244)
	at org.testng.TestNG.runSuitesLocally(TestNG.java:1169)
	at org.testng.TestNG.run(TestNG.java:1064)
	at org.testng.remote.RemoteTestNG.run(RemoteTestNG.java:113)
	at org.testng.remote.RemoteTestNG.initAndRun(RemoteTestNG.java:206)
	at org.testng.remote.RemoteTestNG.main(RemoteTestNG.java:177)
]]>
    </error>
  </testcase> <!-- createcust -->
  <testcase name="createcust" time="0.000" classname="TestScripts.Createcustomer_test">
    <error type="org.openqa.selenium.SessionNotCreatedException" message="session not created: This version of ChromeDriver only supports Chrome version 77
Build info: version: &#039;3.141.59&#039;, revision: &#039;e82be7d358&#039;, time: &#039;2018-11-14T08:25:53&#039;
System info: host: &#039;KARTHIK&#039;, ip: &#039;192.168.64.1&#039;, os.name: &#039;Windows 8.1&#039;, os.arch: &#039;amd64&#039;, os.version: &#039;6.3&#039;, java.version: &#039;1.8.0_25&#039;
Driver info: driver.version: ChromeDriver
remote stacktrace: Backtrace:
	Ordinal0 [0x00ABEB13+1501971]
	Ordinal0 [0x00A3F6D1+980689]
	Ordinal0 [0x009C765F+489055]
	Ordinal0 [0x0095F2F4+62196]
	Ordinal0 [0x0095BCDA+48346]
	Ordinal0 [0x00979800+169984]
	Ordinal0 [0x0097942D+169005]
	Ordinal0 [0x009778EB+162027]
	Ordinal0 [0x00960AC7+68295]
	Ordinal0 [0x00961B40+72512]
	Ordinal0 [0x00961AD9+72409]
	Ordinal0 [0x00A58F37+1085239]
	GetHandleVerifier [0x00B5D7ED+503293]
	GetHandleVerifier [0x00B5D580+502672]
	GetHandleVerifier [0x00B646AC+531644]
	GetHandleVerifier [0x00B5DFFA+505354]
	Ordinal0 [0x00A50606+1050118]
	Ordinal0 [0x00A5047F+1049727]
	Ordinal0 [0x00A5AF9B+1093531]
	Ordinal0 [0x00A5B103+1093891]
	Ordinal0 [0x00A5A095+1089685]
	BaseThreadInitThunk [0x751C6359+25]
	RtlGetAppContainerNamedObjectPath [0x774C7B74+228]
	RtlGetAppContainerNamedObjectPath [0x774C7B44+180]
">
      <![CDATA[org.openqa.selenium.SessionNotCreatedException: session not created: This version of ChromeDriver only supports Chrome version 77
Build info: version: '3.141.59', revision: 'e82be7d358', time: '2018-11-14T08:25:53'
System info: host: 'KARTHIK', ip: '192.168.64.1', os.name: 'Windows 8.1', os.arch: 'amd64', os.version: '6.3', java.version: '1.8.0_25'
Driver info: driver.version: ChromeDriver
remote stacktrace: Backtrace:
	Ordinal0 [0x00ABEB13+1501971]
	Ordinal0 [0x00A3F6D1+980689]
	Ordinal0 [0x009C765F+489055]
	Ordinal0 [0x0095F2F4+62196]
	Ordinal0 [0x0095BCDA+48346]
	Ordinal0 [0x00979800+169984]
	Ordinal0 [0x0097942D+169005]
	Ordinal0 [0x009778EB+162027]
	Ordinal0 [0x00960AC7+68295]
	Ordinal0 [0x00961B40+72512]
	Ordinal0 [0x00961AD9+72409]
	Ordinal0 [0x00A58F37+1085239]
	GetHandleVerifier [0x00B5D7ED+503293]
	GetHandleVerifier [0x00B5D580+502672]
	GetHandleVerifier [0x00B646AC+531644]
	GetHandleVerifier [0x00B5DFFA+505354]
	Ordinal0 [0x00A50606+1050118]
	Ordinal0 [0x00A5047F+1049727]
	Ordinal0 [0x00A5AF9B+1093531]
	Ordinal0 [0x00A5B103+1093891]
	Ordinal0 [0x00A5A095+1089685]
	BaseThreadInitThunk [0x751C6359+25]
	RtlGetAppContainerNamedObjectPath [0x774C7B74+228]
	RtlGetAppContainerNamedObjectPath [0x774C7B44+180]

	at sun.reflect.NativeConstructorAccessorImpl.newInstance0(Native Method)
	at sun.reflect.NativeConstructorAccessorImpl.newInstance(NativeConstructorAccessorImpl.java:62)
	at sun.reflect.DelegatingConstructorAccessorImpl.newInstance(DelegatingConstructorAccessorImpl.java:45)
	at java.lang.reflect.Constructor.newInstance(Constructor.java:408)
	at org.openqa.selenium.remote.W3CHandshakeResponse.lambda$errorHandler$0(W3CHandshakeResponse.java:62)
	at org.openqa.selenium.remote.W3CHandshakeResponse$$Lambda$204/189207010.apply(Unknown Source)
	at org.openqa.selenium.remote.HandshakeResponse.lambda$getResponseFunction$0(HandshakeResponse.java:30)
	at org.openqa.selenium.remote.HandshakeResponse$$Lambda$199/2049051802.apply(Unknown Source)
	at org.openqa.selenium.remote.ProtocolHandshake.lambda$createSession$0(ProtocolHandshake.java:126)
	at org.openqa.selenium.remote.ProtocolHandshake$$Lambda$200/864852424.apply(Unknown Source)
	at java.util.stream.ReferencePipeline$3$1.accept(ReferencePipeline.java:193)
	at java.util.Spliterators$ArraySpliterator.tryAdvance(Spliterators.java:958)
	at java.util.stream.ReferencePipeline.forEachWithCancel(ReferencePipeline.java:126)
	at java.util.stream.AbstractPipeline.copyIntoWithCancel(AbstractPipeline.java:529)
	at java.util.stream.AbstractPipeline.copyInto(AbstractPipeline.java:516)
	at java.util.stream.AbstractPipeline.wrapAndCopyInto(AbstractPipeline.java:502)
	at java.util.stream.FindOps$FindOp.evaluateSequential(FindOps.java:152)
	at java.util.stream.AbstractPipeline.evaluate(AbstractPipeline.java:234)
	at java.util.stream.ReferencePipeline.findFirst(ReferencePipeline.java:464)
	at org.openqa.selenium.remote.ProtocolHandshake.createSession(ProtocolHandshake.java:128)
	at org.openqa.selenium.remote.ProtocolHandshake.createSession(ProtocolHandshake.java:74)
	at org.openqa.selenium.remote.HttpCommandExecutor.execute(HttpCommandExecutor.java:136)
	at org.openqa.selenium.remote.service.DriverCommandExecutor.execute(DriverCommandExecutor.java:83)
	at org.openqa.selenium.remote.RemoteWebDriver.execute(RemoteWebDriver.java:552)
	at org.openqa.selenium.remote.RemoteWebDriver.startSession(RemoteWebDriver.java:213)
	at org.openqa.selenium.remote.RemoteWebDriver.<init>(RemoteWebDriver.java:131)
	at org.openqa.selenium.chrome.ChromeDriver.<init>(ChromeDriver.java:181)
	at org.openqa.selenium.chrome.ChromeDriver.<init>(ChromeDriver.java:168)
	at org.openqa.selenium.chrome.ChromeDriver.<init>(ChromeDriver.java:157)
	at Base.BaseTest.Acti_Setup(BaseTest.java:58)
	at sun.reflect.NativeMethodAccessorImpl.invoke0(Native Method)
	at sun.reflect.NativeMethodAccessorImpl.invoke(NativeMethodAccessorImpl.java:62)
	at sun.reflect.DelegatingMethodAccessorImpl.invoke(DelegatingMethodAccessorImpl.java:43)
	at java.lang.reflect.Method.invoke(Method.java:483)
	at org.testng.internal.MethodInvocationHelper.invokeMethod(MethodInvocationHelper.java:86)
	at org.testng.internal.Invoker.invokeConfigurationMethod(Invoker.java:514)
	at org.testng.internal.Invoker.invokeConfigurations(Invoker.java:215)
	at org.testng.internal.Invoker.invokeMethod(Invoker.java:589)
	at org.testng.internal.Invoker.invokeTestMethod(Invoker.java:822)
	at org.testng.internal.Invoker.invokeTestMethods(Invoker.java:1130)
	at org.testng.internal.TestMethodWorker.invokeTestMethods(TestMethodWorker.java:129)
	at org.testng.internal.TestMethodWorker.run(TestMethodWorker.java:112)
	at org.testng.TestRunner.privateRun(TestRunner.java:782)
	at org.testng.TestRunner.run(TestRunner.java:632)
	at org.testng.SuiteRunner.runTest(SuiteRunner.java:366)
	at org.testng.SuiteRunner.runSequentially(SuiteRunner.java:361)
	at org.testng.SuiteRunner.privateRun(SuiteRunner.java:319)
	at org.testng.SuiteRunner.run(SuiteRunner.java:268)
	at org.testng.SuiteRunnerWorker.runSuite(SuiteRunnerWorker.java:52)
	at org.testng.SuiteRunnerWorker.run(SuiteRunnerWorker.java:86)
	at org.testng.TestNG.runSuitesSequentially(TestNG.java:1244)
	at org.testng.TestNG.runSuitesLocally(TestNG.java:1169)
	at org.testng.TestNG.run(TestNG.java:1064)
	at org.testng.remote.RemoteTestNG.run(RemoteTestNG.java:113)
	at org.testng.remote.RemoteTestNG.initAndRun(RemoteTestNG.java:206)
	at org.testng.remote.RemoteTestNG.main(RemoteTestNG.java:177)
]]>
    </error>
  </testcase> <!-- createcust -->
  <testcase name="createcust" time="0.000" classname="TestScripts.Createcustomer_test">
    <error type="org.openqa.selenium.SessionNotCreatedException" message="session not created: This version of ChromeDriver only supports Chrome version 77
Build info: version: &#039;3.141.59&#039;, revision: &#039;e82be7d358&#039;, time: &#039;2018-11-14T08:25:53&#039;
System info: host: &#039;KARTHIK&#039;, ip: &#039;192.168.64.1&#039;, os.name: &#039;Windows 8.1&#039;, os.arch: &#039;amd64&#039;, os.version: &#039;6.3&#039;, java.version: &#039;1.8.0_25&#039;
Driver info: driver.version: ChromeDriver
remote stacktrace: Backtrace:
	Ordinal0 [0x00ABEB13+1501971]
	Ordinal0 [0x00A3F6D1+980689]
	Ordinal0 [0x009C765F+489055]
	Ordinal0 [0x0095F2F4+62196]
	Ordinal0 [0x0095BCDA+48346]
	Ordinal0 [0x00979800+169984]
	Ordinal0 [0x0097942D+169005]
	Ordinal0 [0x009778EB+162027]
	Ordinal0 [0x00960AC7+68295]
	Ordinal0 [0x00961B40+72512]
	Ordinal0 [0x00961AD9+72409]
	Ordinal0 [0x00A58F37+1085239]
	GetHandleVerifier [0x00B5D7ED+503293]
	GetHandleVerifier [0x00B5D580+502672]
	GetHandleVerifier [0x00B646AC+531644]
	GetHandleVerifier [0x00B5DFFA+505354]
	Ordinal0 [0x00A50606+1050118]
	Ordinal0 [0x00A5047F+1049727]
	Ordinal0 [0x00A5AF9B+1093531]
	Ordinal0 [0x00A5B103+1093891]
	Ordinal0 [0x00A5A095+1089685]
	BaseThreadInitThunk [0x751C6359+25]
	RtlGetAppContainerNamedObjectPath [0x774C7B74+228]
	RtlGetAppContainerNamedObjectPath [0x774C7B44+180]
">
      <![CDATA[org.openqa.selenium.SessionNotCreatedException: session not created: This version of ChromeDriver only supports Chrome version 77
Build info: version: '3.141.59', revision: 'e82be7d358', time: '2018-11-14T08:25:53'
System info: host: 'KARTHIK', ip: '192.168.64.1', os.name: 'Windows 8.1', os.arch: 'amd64', os.version: '6.3', java.version: '1.8.0_25'
Driver info: driver.version: ChromeDriver
remote stacktrace: Backtrace:
	Ordinal0 [0x00ABEB13+1501971]
	Ordinal0 [0x00A3F6D1+980689]
	Ordinal0 [0x009C765F+489055]
	Ordinal0 [0x0095F2F4+62196]
	Ordinal0 [0x0095BCDA+48346]
	Ordinal0 [0x00979800+169984]
	Ordinal0 [0x0097942D+169005]
	Ordinal0 [0x009778EB+162027]
	Ordinal0 [0x00960AC7+68295]
	Ordinal0 [0x00961B40+72512]
	Ordinal0 [0x00961AD9+72409]
	Ordinal0 [0x00A58F37+1085239]
	GetHandleVerifier [0x00B5D7ED+503293]
	GetHandleVerifier [0x00B5D580+502672]
	GetHandleVerifier [0x00B646AC+531644]
	GetHandleVerifier [0x00B5DFFA+505354]
	Ordinal0 [0x00A50606+1050118]
	Ordinal0 [0x00A5047F+1049727]
	Ordinal0 [0x00A5AF9B+1093531]
	Ordinal0 [0x00A5B103+1093891]
	Ordinal0 [0x00A5A095+1089685]
	BaseThreadInitThunk [0x751C6359+25]
	RtlGetAppContainerNamedObjectPath [0x774C7B74+228]
	RtlGetAppContainerNamedObjectPath [0x774C7B44+180]

	at sun.reflect.NativeConstructorAccessorImpl.newInstance0(Native Method)
	at sun.reflect.NativeConstructorAccessorImpl.newInstance(NativeConstructorAccessorImpl.java:62)
	at sun.reflect.DelegatingConstructorAccessorImpl.newInstance(DelegatingConstructorAccessorImpl.java:45)
	at java.lang.reflect.Constructor.newInstance(Constructor.java:408)
	at org.openqa.selenium.remote.W3CHandshakeResponse.lambda$errorHandler$0(W3CHandshakeResponse.java:62)
	at org.openqa.selenium.remote.W3CHandshakeResponse$$Lambda$204/189207010.apply(Unknown Source)
	at org.openqa.selenium.remote.HandshakeResponse.lambda$getResponseFunction$0(HandshakeResponse.java:30)
	at org.openqa.selenium.remote.HandshakeResponse$$Lambda$199/2049051802.apply(Unknown Source)
	at org.openqa.selenium.remote.ProtocolHandshake.lambda$createSession$0(ProtocolHandshake.java:126)
	at org.openqa.selenium.remote.ProtocolHandshake$$Lambda$200/864852424.apply(Unknown Source)
	at java.util.stream.ReferencePipeline$3$1.accept(ReferencePipeline.java:193)
	at java.util.Spliterators$ArraySpliterator.tryAdvance(Spliterators.java:958)
	at java.util.stream.ReferencePipeline.forEachWithCancel(ReferencePipeline.java:126)
	at java.util.stream.AbstractPipeline.copyIntoWithCancel(AbstractPipeline.java:529)
	at java.util.stream.AbstractPipeline.copyInto(AbstractPipeline.java:516)
	at java.util.stream.AbstractPipeline.wrapAndCopyInto(AbstractPipeline.java:502)
	at java.util.stream.FindOps$FindOp.evaluateSequential(FindOps.java:152)
	at java.util.stream.AbstractPipeline.evaluate(AbstractPipeline.java:234)
	at java.util.stream.ReferencePipeline.findFirst(ReferencePipeline.java:464)
	at org.openqa.selenium.remote.ProtocolHandshake.createSession(ProtocolHandshake.java:128)
	at org.openqa.selenium.remote.ProtocolHandshake.createSession(ProtocolHandshake.java:74)
	at org.openqa.selenium.remote.HttpCommandExecutor.execute(HttpCommandExecutor.java:136)
	at org.openqa.selenium.remote.service.DriverCommandExecutor.execute(DriverCommandExecutor.java:83)
	at org.openqa.selenium.remote.RemoteWebDriver.execute(RemoteWebDriver.java:552)
	at org.openqa.selenium.remote.RemoteWebDriver.startSession(RemoteWebDriver.java:213)
	at org.openqa.selenium.remote.RemoteWebDriver.<init>(RemoteWebDriver.java:131)
	at org.openqa.selenium.chrome.ChromeDriver.<init>(ChromeDriver.java:181)
	at org.openqa.selenium.chrome.ChromeDriver.<init>(ChromeDriver.java:168)
	at org.openqa.selenium.chrome.ChromeDriver.<init>(ChromeDriver.java:157)
	at Base.BaseTest.Acti_Setup(BaseTest.java:58)
	at sun.reflect.NativeMethodAccessorImpl.invoke0(Native Method)
	at sun.reflect.NativeMethodAccessorImpl.invoke(NativeMethodAccessorImpl.java:62)
	at sun.reflect.DelegatingMethodAccessorImpl.invoke(DelegatingMethodAccessorImpl.java:43)
	at java.lang.reflect.Method.invoke(Method.java:483)
	at org.testng.internal.MethodInvocationHelper.invokeMethod(MethodInvocationHelper.java:86)
	at org.testng.internal.Invoker.invokeConfigurationMethod(Invoker.java:514)
	at org.testng.internal.Invoker.invokeConfigurations(Invoker.java:215)
	at org.testng.internal.Invoker.invokeMethod(Invoker.java:589)
	at org.testng.internal.Invoker.invokeTestMethod(Invoker.java:822)
	at org.testng.internal.Invoker.invokeTestMethods(Invoker.java:1130)
	at org.testng.internal.TestMethodWorker.invokeTestMethods(TestMethodWorker.java:129)
	at org.testng.internal.TestMethodWorker.run(TestMethodWorker.java:112)
	at org.testng.TestRunner.privateRun(TestRunner.java:782)
	at org.testng.TestRunner.run(TestRunner.java:632)
	at org.testng.SuiteRunner.runTest(SuiteRunner.java:366)
	at org.testng.SuiteRunner.runSequentially(SuiteRunner.java:361)
	at org.testng.SuiteRunner.privateRun(SuiteRunner.java:319)
	at org.testng.SuiteRunner.run(SuiteRunner.java:268)
	at org.testng.SuiteRunnerWorker.runSuite(SuiteRunnerWorker.java:52)
	at org.testng.SuiteRunnerWorker.run(SuiteRunnerWorker.java:86)
	at org.testng.TestNG.runSuitesSequentially(TestNG.java:1244)
	at org.testng.TestNG.runSuitesLocally(TestNG.java:1169)
	at org.testng.TestNG.run(TestNG.java:1064)
	at org.testng.remote.RemoteTestNG.run(RemoteTestNG.java:113)
	at org.testng.remote.RemoteTestNG.initAndRun(RemoteTestNG.java:206)
	at org.testng.remote.RemoteTestNG.main(RemoteTestNG.java:177)
]]>
    </error>
  </testcase> <!-- createcust -->
  <testcase name="createcust" time="0.000" classname="TestScripts.Createcustomer_test">
    <error type="org.openqa.selenium.SessionNotCreatedException" message="session not created: This version of ChromeDriver only supports Chrome version 77
Build info: version: &#039;3.141.59&#039;, revision: &#039;e82be7d358&#039;, time: &#039;2018-11-14T08:25:53&#039;
System info: host: &#039;KARTHIK&#039;, ip: &#039;192.168.64.1&#039;, os.name: &#039;Windows 8.1&#039;, os.arch: &#039;amd64&#039;, os.version: &#039;6.3&#039;, java.version: &#039;1.8.0_25&#039;
Driver info: driver.version: ChromeDriver
remote stacktrace: Backtrace:
	Ordinal0 [0x00ABEB13+1501971]
	Ordinal0 [0x00A3F6D1+980689]
	Ordinal0 [0x009C765F+489055]
	Ordinal0 [0x0095F2F4+62196]
	Ordinal0 [0x0095BCDA+48346]
	Ordinal0 [0x00979800+169984]
	Ordinal0 [0x0097942D+169005]
	Ordinal0 [0x009778EB+162027]
	Ordinal0 [0x00960AC7+68295]
	Ordinal0 [0x00961B40+72512]
	Ordinal0 [0x00961AD9+72409]
	Ordinal0 [0x00A58F37+1085239]
	GetHandleVerifier [0x00B5D7ED+503293]
	GetHandleVerifier [0x00B5D580+502672]
	GetHandleVerifier [0x00B646AC+531644]
	GetHandleVerifier [0x00B5DFFA+505354]
	Ordinal0 [0x00A50606+1050118]
	Ordinal0 [0x00A5047F+1049727]
	Ordinal0 [0x00A5AF9B+1093531]
	Ordinal0 [0x00A5B103+1093891]
	Ordinal0 [0x00A5A095+1089685]
	BaseThreadInitThunk [0x751C6359+25]
	RtlGetAppContainerNamedObjectPath [0x774C7B74+228]
	RtlGetAppContainerNamedObjectPath [0x774C7B44+180]
">
      <![CDATA[org.openqa.selenium.SessionNotCreatedException: session not created: This version of ChromeDriver only supports Chrome version 77
Build info: version: '3.141.59', revision: 'e82be7d358', time: '2018-11-14T08:25:53'
System info: host: 'KARTHIK', ip: '192.168.64.1', os.name: 'Windows 8.1', os.arch: 'amd64', os.version: '6.3', java.version: '1.8.0_25'
Driver info: driver.version: ChromeDriver
remote stacktrace: Backtrace:
	Ordinal0 [0x00ABEB13+1501971]
	Ordinal0 [0x00A3F6D1+980689]
	Ordinal0 [0x009C765F+489055]
	Ordinal0 [0x0095F2F4+62196]
	Ordinal0 [0x0095BCDA+48346]
	Ordinal0 [0x00979800+169984]
	Ordinal0 [0x0097942D+169005]
	Ordinal0 [0x009778EB+162027]
	Ordinal0 [0x00960AC7+68295]
	Ordinal0 [0x00961B40+72512]
	Ordinal0 [0x00961AD9+72409]
	Ordinal0 [0x00A58F37+1085239]
	GetHandleVerifier [0x00B5D7ED+503293]
	GetHandleVerifier [0x00B5D580+502672]
	GetHandleVerifier [0x00B646AC+531644]
	GetHandleVerifier [0x00B5DFFA+505354]
	Ordinal0 [0x00A50606+1050118]
	Ordinal0 [0x00A5047F+1049727]
	Ordinal0 [0x00A5AF9B+1093531]
	Ordinal0 [0x00A5B103+1093891]
	Ordinal0 [0x00A5A095+1089685]
	BaseThreadInitThunk [0x751C6359+25]
	RtlGetAppContainerNamedObjectPath [0x774C7B74+228]
	RtlGetAppContainerNamedObjectPath [0x774C7B44+180]

	at sun.reflect.NativeConstructorAccessorImpl.newInstance0(Native Method)
	at sun.reflect.NativeConstructorAccessorImpl.newInstance(NativeConstructorAccessorImpl.java:62)
	at sun.reflect.DelegatingConstructorAccessorImpl.newInstance(DelegatingConstructorAccessorImpl.java:45)
	at java.lang.reflect.Constructor.newInstance(Constructor.java:408)
	at org.openqa.selenium.remote.W3CHandshakeResponse.lambda$errorHandler$0(W3CHandshakeResponse.java:62)
	at org.openqa.selenium.remote.W3CHandshakeResponse$$Lambda$204/189207010.apply(Unknown Source)
	at org.openqa.selenium.remote.HandshakeResponse.lambda$getResponseFunction$0(HandshakeResponse.java:30)
	at org.openqa.selenium.remote.HandshakeResponse$$Lambda$199/2049051802.apply(Unknown Source)
	at org.openqa.selenium.remote.ProtocolHandshake.lambda$createSession$0(ProtocolHandshake.java:126)
	at org.openqa.selenium.remote.ProtocolHandshake$$Lambda$200/864852424.apply(Unknown Source)
	at java.util.stream.ReferencePipeline$3$1.accept(ReferencePipeline.java:193)
	at java.util.Spliterators$ArraySpliterator.tryAdvance(Spliterators.java:958)
	at java.util.stream.ReferencePipeline.forEachWithCancel(ReferencePipeline.java:126)
	at java.util.stream.AbstractPipeline.copyIntoWithCancel(AbstractPipeline.java:529)
	at java.util.stream.AbstractPipeline.copyInto(AbstractPipeline.java:516)
	at java.util.stream.AbstractPipeline.wrapAndCopyInto(AbstractPipeline.java:502)
	at java.util.stream.FindOps$FindOp.evaluateSequential(FindOps.java:152)
	at java.util.stream.AbstractPipeline.evaluate(AbstractPipeline.java:234)
	at java.util.stream.ReferencePipeline.findFirst(ReferencePipeline.java:464)
	at org.openqa.selenium.remote.ProtocolHandshake.createSession(ProtocolHandshake.java:128)
	at org.openqa.selenium.remote.ProtocolHandshake.createSession(ProtocolHandshake.java:74)
	at org.openqa.selenium.remote.HttpCommandExecutor.execute(HttpCommandExecutor.java:136)
	at org.openqa.selenium.remote.service.DriverCommandExecutor.execute(DriverCommandExecutor.java:83)
	at org.openqa.selenium.remote.RemoteWebDriver.execute(RemoteWebDriver.java:552)
	at org.openqa.selenium.remote.RemoteWebDriver.startSession(RemoteWebDriver.java:213)
	at org.openqa.selenium.remote.RemoteWebDriver.<init>(RemoteWebDriver.java:131)
	at org.openqa.selenium.chrome.ChromeDriver.<init>(ChromeDriver.java:181)
	at org.openqa.selenium.chrome.ChromeDriver.<init>(ChromeDriver.java:168)
	at org.openqa.selenium.chrome.ChromeDriver.<init>(ChromeDriver.java:157)
	at Base.BaseTest.Acti_Setup(BaseTest.java:58)
	at sun.reflect.NativeMethodAccessorImpl.invoke0(Native Method)
	at sun.reflect.NativeMethodAccessorImpl.invoke(NativeMethodAccessorImpl.java:62)
	at sun.reflect.DelegatingMethodAccessorImpl.invoke(DelegatingMethodAccessorImpl.java:43)
	at java.lang.reflect.Method.invoke(Method.java:483)
	at org.testng.internal.MethodInvocationHelper.invokeMethod(MethodInvocationHelper.java:86)
	at org.testng.internal.Invoker.invokeConfigurationMethod(Invoker.java:514)
	at org.testng.internal.Invoker.invokeConfigurations(Invoker.java:215)
	at org.testng.internal.Invoker.invokeMethod(Invoker.java:589)
	at org.testng.internal.Invoker.invokeTestMethod(Invoker.java:822)
	at org.testng.internal.Invoker.invokeTestMethods(Invoker.java:1130)
	at org.testng.internal.TestMethodWorker.invokeTestMethods(TestMethodWorker.java:129)
	at org.testng.internal.TestMethodWorker.run(TestMethodWorker.java:112)
	at org.testng.TestRunner.privateRun(TestRunner.java:782)
	at org.testng.TestRunner.run(TestRunner.java:632)
	at org.testng.SuiteRunner.runTest(SuiteRunner.java:366)
	at org.testng.SuiteRunner.runSequentially(SuiteRunner.java:361)
	at org.testng.SuiteRunner.privateRun(SuiteRunner.java:319)
	at org.testng.SuiteRunner.run(SuiteRunner.java:268)
	at org.testng.SuiteRunnerWorker.runSuite(SuiteRunnerWorker.java:52)
	at org.testng.SuiteRunnerWorker.run(SuiteRunnerWorker.java:86)
	at org.testng.TestNG.runSuitesSequentially(TestNG.java:1244)
	at org.testng.TestNG.runSuitesLocally(TestNG.java:1169)
	at org.testng.TestNG.run(TestNG.java:1064)
	at org.testng.remote.RemoteTestNG.run(RemoteTestNG.java:113)
	at org.testng.remote.RemoteTestNG.initAndRun(RemoteTestNG.java:206)
	at org.testng.remote.RemoteTestNG.main(RemoteTestNG.java:177)
]]>
    </error>
  </testcase> <!-- createcust -->
  <testcase name="createcust" time="0.015" classname="TestScripts.Createcustomer_test">
    <error type="org.openqa.selenium.SessionNotCreatedException" message="session not created: This version of ChromeDriver only supports Chrome version 77
Build info: version: &#039;3.141.59&#039;, revision: &#039;e82be7d358&#039;, time: &#039;2018-11-14T08:25:53&#039;
System info: host: &#039;KARTHIK&#039;, ip: &#039;192.168.64.1&#039;, os.name: &#039;Windows 8.1&#039;, os.arch: &#039;amd64&#039;, os.version: &#039;6.3&#039;, java.version: &#039;1.8.0_25&#039;
Driver info: driver.version: ChromeDriver
remote stacktrace: Backtrace:
	Ordinal0 [0x00ABEB13+1501971]
	Ordinal0 [0x00A3F6D1+980689]
	Ordinal0 [0x009C765F+489055]
	Ordinal0 [0x0095F2F4+62196]
	Ordinal0 [0x0095BCDA+48346]
	Ordinal0 [0x00979800+169984]
	Ordinal0 [0x0097942D+169005]
	Ordinal0 [0x009778EB+162027]
	Ordinal0 [0x00960AC7+68295]
	Ordinal0 [0x00961B40+72512]
	Ordinal0 [0x00961AD9+72409]
	Ordinal0 [0x00A58F37+1085239]
	GetHandleVerifier [0x00B5D7ED+503293]
	GetHandleVerifier [0x00B5D580+502672]
	GetHandleVerifier [0x00B646AC+531644]
	GetHandleVerifier [0x00B5DFFA+505354]
	Ordinal0 [0x00A50606+1050118]
	Ordinal0 [0x00A5047F+1049727]
	Ordinal0 [0x00A5AF9B+1093531]
	Ordinal0 [0x00A5B103+1093891]
	Ordinal0 [0x00A5A095+1089685]
	BaseThreadInitThunk [0x751C6359+25]
	RtlGetAppContainerNamedObjectPath [0x774C7B74+228]
	RtlGetAppContainerNamedObjectPath [0x774C7B44+180]
">
      <![CDATA[org.openqa.selenium.SessionNotCreatedException: session not created: This version of ChromeDriver only supports Chrome version 77
Build info: version: '3.141.59', revision: 'e82be7d358', time: '2018-11-14T08:25:53'
System info: host: 'KARTHIK', ip: '192.168.64.1', os.name: 'Windows 8.1', os.arch: 'amd64', os.version: '6.3', java.version: '1.8.0_25'
Driver info: driver.version: ChromeDriver
remote stacktrace: Backtrace:
	Ordinal0 [0x00ABEB13+1501971]
	Ordinal0 [0x00A3F6D1+980689]
	Ordinal0 [0x009C765F+489055]
	Ordinal0 [0x0095F2F4+62196]
	Ordinal0 [0x0095BCDA+48346]
	Ordinal0 [0x00979800+169984]
	Ordinal0 [0x0097942D+169005]
	Ordinal0 [0x009778EB+162027]
	Ordinal0 [0x00960AC7+68295]
	Ordinal0 [0x00961B40+72512]
	Ordinal0 [0x00961AD9+72409]
	Ordinal0 [0x00A58F37+1085239]
	GetHandleVerifier [0x00B5D7ED+503293]
	GetHandleVerifier [0x00B5D580+502672]
	GetHandleVerifier [0x00B646AC+531644]
	GetHandleVerifier [0x00B5DFFA+505354]
	Ordinal0 [0x00A50606+1050118]
	Ordinal0 [0x00A5047F+1049727]
	Ordinal0 [0x00A5AF9B+1093531]
	Ordinal0 [0x00A5B103+1093891]
	Ordinal0 [0x00A5A095+1089685]
	BaseThreadInitThunk [0x751C6359+25]
	RtlGetAppContainerNamedObjectPath [0x774C7B74+228]
	RtlGetAppContainerNamedObjectPath [0x774C7B44+180]

	at sun.reflect.NativeConstructorAccessorImpl.newInstance0(Native Method)
	at sun.reflect.NativeConstructorAccessorImpl.newInstance(NativeConstructorAccessorImpl.java:62)
	at sun.reflect.DelegatingConstructorAccessorImpl.newInstance(DelegatingConstructorAccessorImpl.java:45)
	at java.lang.reflect.Constructor.newInstance(Constructor.java:408)
	at org.openqa.selenium.remote.W3CHandshakeResponse.lambda$errorHandler$0(W3CHandshakeResponse.java:62)
	at org.openqa.selenium.remote.W3CHandshakeResponse$$Lambda$204/189207010.apply(Unknown Source)
	at org.openqa.selenium.remote.HandshakeResponse.lambda$getResponseFunction$0(HandshakeResponse.java:30)
	at org.openqa.selenium.remote.HandshakeResponse$$Lambda$199/2049051802.apply(Unknown Source)
	at org.openqa.selenium.remote.ProtocolHandshake.lambda$createSession$0(ProtocolHandshake.java:126)
	at org.openqa.selenium.remote.ProtocolHandshake$$Lambda$200/864852424.apply(Unknown Source)
	at java.util.stream.ReferencePipeline$3$1.accept(ReferencePipeline.java:193)
	at java.util.Spliterators$ArraySpliterator.tryAdvance(Spliterators.java:958)
	at java.util.stream.ReferencePipeline.forEachWithCancel(ReferencePipeline.java:126)
	at java.util.stream.AbstractPipeline.copyIntoWithCancel(AbstractPipeline.java:529)
	at java.util.stream.AbstractPipeline.copyInto(AbstractPipeline.java:516)
	at java.util.stream.AbstractPipeline.wrapAndCopyInto(AbstractPipeline.java:502)
	at java.util.stream.FindOps$FindOp.evaluateSequential(FindOps.java:152)
	at java.util.stream.AbstractPipeline.evaluate(AbstractPipeline.java:234)
	at java.util.stream.ReferencePipeline.findFirst(ReferencePipeline.java:464)
	at org.openqa.selenium.remote.ProtocolHandshake.createSession(ProtocolHandshake.java:128)
	at org.openqa.selenium.remote.ProtocolHandshake.createSession(ProtocolHandshake.java:74)
	at org.openqa.selenium.remote.HttpCommandExecutor.execute(HttpCommandExecutor.java:136)
	at org.openqa.selenium.remote.service.DriverCommandExecutor.execute(DriverCommandExecutor.java:83)
	at org.openqa.selenium.remote.RemoteWebDriver.execute(RemoteWebDriver.java:552)
	at org.openqa.selenium.remote.RemoteWebDriver.startSession(RemoteWebDriver.java:213)
	at org.openqa.selenium.remote.RemoteWebDriver.<init>(RemoteWebDriver.java:131)
	at org.openqa.selenium.chrome.ChromeDriver.<init>(ChromeDriver.java:181)
	at org.openqa.selenium.chrome.ChromeDriver.<init>(ChromeDriver.java:168)
	at org.openqa.selenium.chrome.ChromeDriver.<init>(ChromeDriver.java:157)
	at Base.BaseTest.Acti_Setup(BaseTest.java:58)
	at sun.reflect.NativeMethodAccessorImpl.invoke0(Native Method)
	at sun.reflect.NativeMethodAccessorImpl.invoke(NativeMethodAccessorImpl.java:62)
	at sun.reflect.DelegatingMethodAccessorImpl.invoke(DelegatingMethodAccessorImpl.java:43)
	at java.lang.reflect.Method.invoke(Method.java:483)
	at org.testng.internal.MethodInvocationHelper.invokeMethod(MethodInvocationHelper.java:86)
	at org.testng.internal.Invoker.invokeConfigurationMethod(Invoker.java:514)
	at org.testng.internal.Invoker.invokeConfigurations(Invoker.java:215)
	at org.testng.internal.Invoker.invokeMethod(Invoker.java:589)
	at org.testng.internal.Invoker.invokeTestMethod(Invoker.java:822)
	at org.testng.internal.Invoker.invokeTestMethods(Invoker.java:1130)
	at org.testng.internal.TestMethodWorker.invokeTestMethods(TestMethodWorker.java:129)
	at org.testng.internal.TestMethodWorker.run(TestMethodWorker.java:112)
	at org.testng.TestRunner.privateRun(TestRunner.java:782)
	at org.testng.TestRunner.run(TestRunner.java:632)
	at org.testng.SuiteRunner.runTest(SuiteRunner.java:366)
	at org.testng.SuiteRunner.runSequentially(SuiteRunner.java:361)
	at org.testng.SuiteRunner.privateRun(SuiteRunner.java:319)
	at org.testng.SuiteRunner.run(SuiteRunner.java:268)
	at org.testng.SuiteRunnerWorker.runSuite(SuiteRunnerWorker.java:52)
	at org.testng.SuiteRunnerWorker.run(SuiteRunnerWorker.java:86)
	at org.testng.TestNG.runSuitesSequentially(TestNG.java:1244)
	at org.testng.TestNG.runSuitesLocally(TestNG.java:1169)
	at org.testng.TestNG.run(TestNG.java:1064)
	at org.testng.remote.RemoteTestNG.run(RemoteTestNG.java:113)
	at org.testng.remote.RemoteTestNG.initAndRun(RemoteTestNG.java:206)
	at org.testng.remote.RemoteTestNG.main(RemoteTestNG.java:177)
]]>
    </error>
  </testcase> <!-- createcust -->
  <testcase name="createcust" time="0.000" classname="TestScripts.Createcustomer_test">
    <error type="org.openqa.selenium.SessionNotCreatedException" message="session not created: This version of ChromeDriver only supports Chrome version 77
Build info: version: &#039;3.141.59&#039;, revision: &#039;e82be7d358&#039;, time: &#039;2018-11-14T08:25:53&#039;
System info: host: &#039;KARTHIK&#039;, ip: &#039;192.168.64.1&#039;, os.name: &#039;Windows 8.1&#039;, os.arch: &#039;amd64&#039;, os.version: &#039;6.3&#039;, java.version: &#039;1.8.0_25&#039;
Driver info: driver.version: ChromeDriver
remote stacktrace: Backtrace:
	Ordinal0 [0x00ABEB13+1501971]
	Ordinal0 [0x00A3F6D1+980689]
	Ordinal0 [0x009C765F+489055]
	Ordinal0 [0x0095F2F4+62196]
	Ordinal0 [0x0095BCDA+48346]
	Ordinal0 [0x00979800+169984]
	Ordinal0 [0x0097942D+169005]
	Ordinal0 [0x009778EB+162027]
	Ordinal0 [0x00960AC7+68295]
	Ordinal0 [0x00961B40+72512]
	Ordinal0 [0x00961AD9+72409]
	Ordinal0 [0x00A58F37+1085239]
	GetHandleVerifier [0x00B5D7ED+503293]
	GetHandleVerifier [0x00B5D580+502672]
	GetHandleVerifier [0x00B646AC+531644]
	GetHandleVerifier [0x00B5DFFA+505354]
	Ordinal0 [0x00A50606+1050118]
	Ordinal0 [0x00A5047F+1049727]
	Ordinal0 [0x00A5AF9B+1093531]
	Ordinal0 [0x00A5B103+1093891]
	Ordinal0 [0x00A5A095+1089685]
	BaseThreadInitThunk [0x751C6359+25]
	RtlGetAppContainerNamedObjectPath [0x774C7B74+228]
	RtlGetAppContainerNamedObjectPath [0x774C7B44+180]
">
      <![CDATA[org.openqa.selenium.SessionNotCreatedException: session not created: This version of ChromeDriver only supports Chrome version 77
Build info: version: '3.141.59', revision: 'e82be7d358', time: '2018-11-14T08:25:53'
System info: host: 'KARTHIK', ip: '192.168.64.1', os.name: 'Windows 8.1', os.arch: 'amd64', os.version: '6.3', java.version: '1.8.0_25'
Driver info: driver.version: ChromeDriver
remote stacktrace: Backtrace:
	Ordinal0 [0x00ABEB13+1501971]
	Ordinal0 [0x00A3F6D1+980689]
	Ordinal0 [0x009C765F+489055]
	Ordinal0 [0x0095F2F4+62196]
	Ordinal0 [0x0095BCDA+48346]
	Ordinal0 [0x00979800+169984]
	Ordinal0 [0x0097942D+169005]
	Ordinal0 [0x009778EB+162027]
	Ordinal0 [0x00960AC7+68295]
	Ordinal0 [0x00961B40+72512]
	Ordinal0 [0x00961AD9+72409]
	Ordinal0 [0x00A58F37+1085239]
	GetHandleVerifier [0x00B5D7ED+503293]
	GetHandleVerifier [0x00B5D580+502672]
	GetHandleVerifier [0x00B646AC+531644]
	GetHandleVerifier [0x00B5DFFA+505354]
	Ordinal0 [0x00A50606+1050118]
	Ordinal0 [0x00A5047F+1049727]
	Ordinal0 [0x00A5AF9B+1093531]
	Ordinal0 [0x00A5B103+1093891]
	Ordinal0 [0x00A5A095+1089685]
	BaseThreadInitThunk [0x751C6359+25]
	RtlGetAppContainerNamedObjectPath [0x774C7B74+228]
	RtlGetAppContainerNamedObjectPath [0x774C7B44+180]

	at sun.reflect.NativeConstructorAccessorImpl.newInstance0(Native Method)
	at sun.reflect.NativeConstructorAccessorImpl.newInstance(NativeConstructorAccessorImpl.java:62)
	at sun.reflect.DelegatingConstructorAccessorImpl.newInstance(DelegatingConstructorAccessorImpl.java:45)
	at java.lang.reflect.Constructor.newInstance(Constructor.java:408)
	at org.openqa.selenium.remote.W3CHandshakeResponse.lambda$errorHandler$0(W3CHandshakeResponse.java:62)
	at org.openqa.selenium.remote.W3CHandshakeResponse$$Lambda$204/189207010.apply(Unknown Source)
	at org.openqa.selenium.remote.HandshakeResponse.lambda$getResponseFunction$0(HandshakeResponse.java:30)
	at org.openqa.selenium.remote.HandshakeResponse$$Lambda$199/2049051802.apply(Unknown Source)
	at org.openqa.selenium.remote.ProtocolHandshake.lambda$createSession$0(ProtocolHandshake.java:126)
	at org.openqa.selenium.remote.ProtocolHandshake$$Lambda$200/864852424.apply(Unknown Source)
	at java.util.stream.ReferencePipeline$3$1.accept(ReferencePipeline.java:193)
	at java.util.Spliterators$ArraySpliterator.tryAdvance(Spliterators.java:958)
	at java.util.stream.ReferencePipeline.forEachWithCancel(ReferencePipeline.java:126)
	at java.util.stream.AbstractPipeline.copyIntoWithCancel(AbstractPipeline.java:529)
	at java.util.stream.AbstractPipeline.copyInto(AbstractPipeline.java:516)
	at java.util.stream.AbstractPipeline.wrapAndCopyInto(AbstractPipeline.java:502)
	at java.util.stream.FindOps$FindOp.evaluateSequential(FindOps.java:152)
	at java.util.stream.AbstractPipeline.evaluate(AbstractPipeline.java:234)
	at java.util.stream.ReferencePipeline.findFirst(ReferencePipeline.java:464)
	at org.openqa.selenium.remote.ProtocolHandshake.createSession(ProtocolHandshake.java:128)
	at org.openqa.selenium.remote.ProtocolHandshake.createSession(ProtocolHandshake.java:74)
	at org.openqa.selenium.remote.HttpCommandExecutor.execute(HttpCommandExecutor.java:136)
	at org.openqa.selenium.remote.service.DriverCommandExecutor.execute(DriverCommandExecutor.java:83)
	at org.openqa.selenium.remote.RemoteWebDriver.execute(RemoteWebDriver.java:552)
	at org.openqa.selenium.remote.RemoteWebDriver.startSession(RemoteWebDriver.java:213)
	at org.openqa.selenium.remote.RemoteWebDriver.<init>(RemoteWebDriver.java:131)
	at org.openqa.selenium.chrome.ChromeDriver.<init>(ChromeDriver.java:181)
	at org.openqa.selenium.chrome.ChromeDriver.<init>(ChromeDriver.java:168)
	at org.openqa.selenium.chrome.ChromeDriver.<init>(ChromeDriver.java:157)
	at Base.BaseTest.Acti_Setup(BaseTest.java:58)
	at sun.reflect.NativeMethodAccessorImpl.invoke0(Native Method)
	at sun.reflect.NativeMethodAccessorImpl.invoke(NativeMethodAccessorImpl.java:62)
	at sun.reflect.DelegatingMethodAccessorImpl.invoke(DelegatingMethodAccessorImpl.java:43)
	at java.lang.reflect.Method.invoke(Method.java:483)
	at org.testng.internal.MethodInvocationHelper.invokeMethod(MethodInvocationHelper.java:86)
	at org.testng.internal.Invoker.invokeConfigurationMethod(Invoker.java:514)
	at org.testng.internal.Invoker.invokeConfigurations(Invoker.java:215)
	at org.testng.internal.Invoker.invokeMethod(Invoker.java:589)
	at org.testng.internal.Invoker.invokeTestMethod(Invoker.java:822)
	at org.testng.internal.Invoker.invokeTestMethods(Invoker.java:1130)
	at org.testng.internal.TestMethodWorker.invokeTestMethods(TestMethodWorker.java:129)
	at org.testng.internal.TestMethodWorker.run(TestMethodWorker.java:112)
	at org.testng.TestRunner.privateRun(TestRunner.java:782)
	at org.testng.TestRunner.run(TestRunner.java:632)
	at org.testng.SuiteRunner.runTest(SuiteRunner.java:366)
	at org.testng.SuiteRunner.runSequentially(SuiteRunner.java:361)
	at org.testng.SuiteRunner.privateRun(SuiteRunner.java:319)
	at org.testng.SuiteRunner.run(SuiteRunner.java:268)
	at org.testng.SuiteRunnerWorker.runSuite(SuiteRunnerWorker.java:52)
	at org.testng.SuiteRunnerWorker.run(SuiteRunnerWorker.java:86)
	at org.testng.TestNG.runSuitesSequentially(TestNG.java:1244)
	at org.testng.TestNG.runSuitesLocally(TestNG.java:1169)
	at org.testng.TestNG.run(TestNG.java:1064)
	at org.testng.remote.RemoteTestNG.run(RemoteTestNG.java:113)
	at org.testng.remote.RemoteTestNG.initAndRun(RemoteTestNG.java:206)
	at org.testng.remote.RemoteTestNG.main(RemoteTestNG.java:177)
]]>
    </error>
  </testcase> <!-- createcust -->
  <testcase name="createcust" time="0.015" classname="TestScripts.Createcustomer_test">
    <error type="org.openqa.selenium.SessionNotCreatedException" message="session not created: This version of ChromeDriver only supports Chrome version 77
Build info: version: &#039;3.141.59&#039;, revision: &#039;e82be7d358&#039;, time: &#039;2018-11-14T08:25:53&#039;
System info: host: &#039;KARTHIK&#039;, ip: &#039;192.168.64.1&#039;, os.name: &#039;Windows 8.1&#039;, os.arch: &#039;amd64&#039;, os.version: &#039;6.3&#039;, java.version: &#039;1.8.0_25&#039;
Driver info: driver.version: ChromeDriver
remote stacktrace: Backtrace:
	Ordinal0 [0x00ABEB13+1501971]
	Ordinal0 [0x00A3F6D1+980689]
	Ordinal0 [0x009C765F+489055]
	Ordinal0 [0x0095F2F4+62196]
	Ordinal0 [0x0095BCDA+48346]
	Ordinal0 [0x00979800+169984]
	Ordinal0 [0x0097942D+169005]
	Ordinal0 [0x009778EB+162027]
	Ordinal0 [0x00960AC7+68295]
	Ordinal0 [0x00961B40+72512]
	Ordinal0 [0x00961AD9+72409]
	Ordinal0 [0x00A58F37+1085239]
	GetHandleVerifier [0x00B5D7ED+503293]
	GetHandleVerifier [0x00B5D580+502672]
	GetHandleVerifier [0x00B646AC+531644]
	GetHandleVerifier [0x00B5DFFA+505354]
	Ordinal0 [0x00A50606+1050118]
	Ordinal0 [0x00A5047F+1049727]
	Ordinal0 [0x00A5AF9B+1093531]
	Ordinal0 [0x00A5B103+1093891]
	Ordinal0 [0x00A5A095+1089685]
	BaseThreadInitThunk [0x751C6359+25]
	RtlGetAppContainerNamedObjectPath [0x774C7B74+228]
	RtlGetAppContainerNamedObjectPath [0x774C7B44+180]
">
      <![CDATA[org.openqa.selenium.SessionNotCreatedException: session not created: This version of ChromeDriver only supports Chrome version 77
Build info: version: '3.141.59', revision: 'e82be7d358', time: '2018-11-14T08:25:53'
System info: host: 'KARTHIK', ip: '192.168.64.1', os.name: 'Windows 8.1', os.arch: 'amd64', os.version: '6.3', java.version: '1.8.0_25'
Driver info: driver.version: ChromeDriver
remote stacktrace: Backtrace:
	Ordinal0 [0x00ABEB13+1501971]
	Ordinal0 [0x00A3F6D1+980689]
	Ordinal0 [0x009C765F+489055]
	Ordinal0 [0x0095F2F4+62196]
	Ordinal0 [0x0095BCDA+48346]
	Ordinal0 [0x00979800+169984]
	Ordinal0 [0x0097942D+169005]
	Ordinal0 [0x009778EB+162027]
	Ordinal0 [0x00960AC7+68295]
	Ordinal0 [0x00961B40+72512]
	Ordinal0 [0x00961AD9+72409]
	Ordinal0 [0x00A58F37+1085239]
	GetHandleVerifier [0x00B5D7ED+503293]
	GetHandleVerifier [0x00B5D580+502672]
	GetHandleVerifier [0x00B646AC+531644]
	GetHandleVerifier [0x00B5DFFA+505354]
	Ordinal0 [0x00A50606+1050118]
	Ordinal0 [0x00A5047F+1049727]
	Ordinal0 [0x00A5AF9B+1093531]
	Ordinal0 [0x00A5B103+1093891]
	Ordinal0 [0x00A5A095+1089685]
	BaseThreadInitThunk [0x751C6359+25]
	RtlGetAppContainerNamedObjectPath [0x774C7B74+228]
	RtlGetAppContainerNamedObjectPath [0x774C7B44+180]

	at sun.reflect.NativeConstructorAccessorImpl.newInstance0(Native Method)
	at sun.reflect.NativeConstructorAccessorImpl.newInstance(NativeConstructorAccessorImpl.java:62)
	at sun.reflect.DelegatingConstructorAccessorImpl.newInstance(DelegatingConstructorAccessorImpl.java:45)
	at java.lang.reflect.Constructor.newInstance(Constructor.java:408)
	at org.openqa.selenium.remote.W3CHandshakeResponse.lambda$errorHandler$0(W3CHandshakeResponse.java:62)
	at org.openqa.selenium.remote.W3CHandshakeResponse$$Lambda$204/189207010.apply(Unknown Source)
	at org.openqa.selenium.remote.HandshakeResponse.lambda$getResponseFunction$0(HandshakeResponse.java:30)
	at org.openqa.selenium.remote.HandshakeResponse$$Lambda$199/2049051802.apply(Unknown Source)
	at org.openqa.selenium.remote.ProtocolHandshake.lambda$createSession$0(ProtocolHandshake.java:126)
	at org.openqa.selenium.remote.ProtocolHandshake$$Lambda$200/864852424.apply(Unknown Source)
	at java.util.stream.ReferencePipeline$3$1.accept(ReferencePipeline.java:193)
	at java.util.Spliterators$ArraySpliterator.tryAdvance(Spliterators.java:958)
	at java.util.stream.ReferencePipeline.forEachWithCancel(ReferencePipeline.java:126)
	at java.util.stream.AbstractPipeline.copyIntoWithCancel(AbstractPipeline.java:529)
	at java.util.stream.AbstractPipeline.copyInto(AbstractPipeline.java:516)
	at java.util.stream.AbstractPipeline.wrapAndCopyInto(AbstractPipeline.java:502)
	at java.util.stream.FindOps$FindOp.evaluateSequential(FindOps.java:152)
	at java.util.stream.AbstractPipeline.evaluate(AbstractPipeline.java:234)
	at java.util.stream.ReferencePipeline.findFirst(ReferencePipeline.java:464)
	at org.openqa.selenium.remote.ProtocolHandshake.createSession(ProtocolHandshake.java:128)
	at org.openqa.selenium.remote.ProtocolHandshake.createSession(ProtocolHandshake.java:74)
	at org.openqa.selenium.remote.HttpCommandExecutor.execute(HttpCommandExecutor.java:136)
	at org.openqa.selenium.remote.service.DriverCommandExecutor.execute(DriverCommandExecutor.java:83)
	at org.openqa.selenium.remote.RemoteWebDriver.execute(RemoteWebDriver.java:552)
	at org.openqa.selenium.remote.RemoteWebDriver.startSession(RemoteWebDriver.java:213)
	at org.openqa.selenium.remote.RemoteWebDriver.<init>(RemoteWebDriver.java:131)
	at org.openqa.selenium.chrome.ChromeDriver.<init>(ChromeDriver.java:181)
	at org.openqa.selenium.chrome.ChromeDriver.<init>(ChromeDriver.java:168)
	at org.openqa.selenium.chrome.ChromeDriver.<init>(ChromeDriver.java:157)
	at Base.BaseTest.Acti_Setup(BaseTest.java:58)
	at sun.reflect.NativeMethodAccessorImpl.invoke0(Native Method)
	at sun.reflect.NativeMethodAccessorImpl.invoke(NativeMethodAccessorImpl.java:62)
	at sun.reflect.DelegatingMethodAccessorImpl.invoke(DelegatingMethodAccessorImpl.java:43)
	at java.lang.reflect.Method.invoke(Method.java:483)
	at org.testng.internal.MethodInvocationHelper.invokeMethod(MethodInvocationHelper.java:86)
	at org.testng.internal.Invoker.invokeConfigurationMethod(Invoker.java:514)
	at org.testng.internal.Invoker.invokeConfigurations(Invoker.java:215)
	at org.testng.internal.Invoker.invokeMethod(Invoker.java:589)
	at org.testng.internal.Invoker.invokeTestMethod(Invoker.java:822)
	at org.testng.internal.Invoker.invokeTestMethods(Invoker.java:1130)
	at org.testng.internal.TestMethodWorker.invokeTestMethods(TestMethodWorker.java:129)
	at org.testng.internal.TestMethodWorker.run(TestMethodWorker.java:112)
	at org.testng.TestRunner.privateRun(TestRunner.java:782)
	at org.testng.TestRunner.run(TestRunner.java:632)
	at org.testng.SuiteRunner.runTest(SuiteRunner.java:366)
	at org.testng.SuiteRunner.runSequentially(SuiteRunner.java:361)
	at org.testng.SuiteRunner.privateRun(SuiteRunner.java:319)
	at org.testng.SuiteRunner.run(SuiteRunner.java:268)
	at org.testng.SuiteRunnerWorker.runSuite(SuiteRunnerWorker.java:52)
	at org.testng.SuiteRunnerWorker.run(SuiteRunnerWorker.java:86)
	at org.testng.TestNG.runSuitesSequentially(TestNG.java:1244)
	at org.testng.TestNG.runSuitesLocally(TestNG.java:1169)
	at org.testng.TestNG.run(TestNG.java:1064)
	at org.testng.remote.RemoteTestNG.run(RemoteTestNG.java:113)
	at org.testng.remote.RemoteTestNG.initAndRun(RemoteTestNG.java:206)
	at org.testng.remote.RemoteTestNG.main(RemoteTestNG.java:177)
]]>
    </error>
  </testcase> <!-- createcust -->
</testsuite> <!-- TestScripts.Createcustomer_test -->
